# JRE version: OpenJDK Runtime Environment Microsoft-10376486 (17.0.13+11) (build 17.0.13+11-LTS)
# Java VM: OpenJDK 64-Bit Server VM Microsoft-10376486 (17.0.13+11-LTS, mixed mode, sharing, tiered, compressed oops, compressed class ptrs, g1 gc, windows-amd64)
GC Precious Log:
 CPUs: 12 total, 12 available
 Memory: 7501M
 Large Page Support: Disabled
 NUMA Support: Disabled
 Compressed Oops: Enabled (32-bit)
 Heap Region Size: 1M
 Heap Min Capacity: 8M
 Heap Initial Capacity: 118M
 Heap Max Capacity: 2G
 Pre-touch: Disabled
 Parallel Workers: 10
 Concurrent Workers: 3
 Concurrent Refinement Workers: 10
 Periodic GC: Disabled
Heap:
 garbage-first heap   total 524288K, used 431268K [0x0000000080000000, 0x0000000100000000)
  region size 1024K, 17 young (17408K), 2 survivors (2048K)
 Metaspace       used 138063K, committed 140416K, reserved 557056K
  class space    used 18657K, committed 19712K, reserved 425984K
GC Heap History (20 events):
Event: 66.947 GC heap before
{Heap before GC invocations=100 (full 0):
 garbage-first heap   total 458752K, used 416498K [0x0000000080000000, 0x0000000100000000)
  region size 1024K, 22 young (22528K), 3 survivors (3072K)
 Metaspace       used 128276K, committed 130560K, reserved 557056K
  class space    used 17594K, committed 18624K, reserved 425984K
}
Event: 66.955 GC heap after
{Heap after GC invocations=101 (full 0):
 garbage-first heap   total 524288K, used 398408K [0x0000000080000000, 0x0000000100000000)
  region size 1024K, 3 young (3072K), 3 survivors (3072K)
 Metaspace       used 128276K, committed 130560K, reserved 557056K
  class space    used 17594K, committed 18624K, reserved 425984K
}
Event: 67.612 GC heap before
{Heap before GC invocations=101 (full 0):
 garbage-first heap   total 524288K, used 453704K [0x0000000080000000, 0x0000000100000000)
  region size 1024K, 58 young (59392K), 3 survivors (3072K)
 Metaspace       used 128296K, committed 130624K, reserved 557056K
  class space    used 17596K, committed 18624K, reserved 425984K
}
Event: 67.622 GC heap after
{Heap after GC invocations=102 (full 0):
 garbage-first heap   total 524288K, used 400235K [0x0000000080000000, 0x0000000100000000)
  region size 1024K, 5 young (5120K), 5 survivors (5120K)
 Metaspace       used 128296K, committed 130624K, reserved 557056K
  class space    used 17596K, committed 18624K, reserved 425984K
}
Event: 67.970 GC heap before
{Heap before GC invocations=102 (full 0):
 garbage-first heap   total 524288K, used 454507K [0x0000000080000000, 0x0000000100000000)
  region size 1024K, 59 young (60416K), 5 survivors (5120K)
 Metaspace       used 128296K, committed 130624K, reserved 557056K
  class space    used 17596K, committed 18624K, reserved 425984K
}
Event: 67.977 GC heap after
{Heap after GC invocations=103 (full 0):
 garbage-first heap   total 524288K, used 401666K [0x0000000080000000, 0x0000000100000000)
  region size 1024K, 6 young (6144K), 6 survivors (6144K)
 Metaspace       used 128296K, committed 130624K, reserved 557056K
  class space    used 17596K, committed 18624K, reserved 425984K
}
Event: 68.965 GC heap before
{Heap before GC invocations=103 (full 0):
 garbage-first heap   total 524288K, used 455938K [0x0000000080000000, 0x0000000100000000)
  region size 1024K, 60 young (61440K), 6 survivors (6144K)
 Metaspace       used 129030K, committed 131264K, reserved 557056K
  class space    used 17697K, committed 18688K, reserved 425984K
}
Event: 68.976 GC heap after
{Heap after GC invocations=104 (full 0):
 garbage-first heap   total 524288K, used 404683K [0x0000000080000000, 0x0000000100000000)
  region size 1024K, 7 young (7168K), 7 survivors (7168K)
 Metaspace       used 129030K, committed 131264K, reserved 557056K
  class space    used 17697K, committed 18688K, reserved 425984K
}
Event: 70.091 GC heap before
{Heap before GC invocations=104 (full 0):
 garbage-first heap   total 524288K, used 455883K [0x0000000080000000, 0x0000000100000000)
  region size 1024K, 58 young (59392K), 7 survivors (7168K)
 Metaspace       used 130364K, committed 132672K, reserved 557056K
  class space    used 17868K, committed 18880K, reserved 425984K
}
Event: 70.101 GC heap after
{Heap after GC invocations=105 (full 0):
 garbage-first heap   total 524288K, used 406686K [0x0000000080000000, 0x0000000100000000)
  region size 1024K, 5 young (5120K), 5 survivors (5120K)
 Metaspace       used 130364K, committed 132672K, reserved 557056K
  class space    used 17868K, committed 18880K, reserved 425984K
}
Event: 90.150 GC heap before
{Heap before GC invocations=105 (full 0):
 garbage-first heap   total 524288K, used 455838K [0x0000000080000000, 0x0000000100000000)
  region size 1024K, 54 young (55296K), 5 survivors (5120K)
 Metaspace       used 130785K, committed 133120K, reserved 557056K
  class space    used 17906K, committed 18944K, reserved 425984K
}
Event: 90.158 GC heap after
{Heap after GC invocations=106 (full 0):
 garbage-first heap   total 524288K, used 409118K [0x0000000080000000, 0x0000000100000000)
  region size 1024K, 4 young (4096K), 4 survivors (4096K)
 Metaspace       used 130785K, committed 133120K, reserved 557056K
  class space    used 17906K, committed 18944K, reserved 425984K
}
Event: 92.485 GC heap before
{Heap before GC invocations=106 (full 0):
 garbage-first heap   total 524288K, used 457246K [0x0000000080000000, 0x0000000100000000)
  region size 1024K, 52 young (53248K), 4 survivors (4096K)
 Metaspace       used 131998K, committed 134336K, reserved 557056K
  class space    used 18064K, committed 19072K, reserved 425984K
}
Event: 92.492 GC heap after
{Heap after GC invocations=107 (full 0):
 garbage-first heap   total 524288K, used 413156K [0x0000000080000000, 0x0000000100000000)
  region size 1024K, 7 young (7168K), 7 survivors (7168K)
 Metaspace       used 131998K, committed 134336K, reserved 557056K
  class space    used 18064K, committed 19072K, reserved 425984K
}
Event: 103.529 GC heap before
{Heap before GC invocations=107 (full 0):
 garbage-first heap   total 524288K, used 456164K [0x0000000080000000, 0x0000000100000000)
  region size 1024K, 50 young (51200K), 7 survivors (7168K)
 Metaspace       used 134283K, committed 136576K, reserved 557056K
  class space    used 18315K, committed 19328K, reserved 425984K
}
Event: 103.541 GC heap after
{Heap after GC invocations=108 (full 0):
 garbage-first heap   total 524288K, used 416028K [0x0000000080000000, 0x0000000100000000)
  region size 1024K, 4 young (4096K), 4 survivors (4096K)
 Metaspace       used 134283K, committed 136576K, reserved 557056K
  class space    used 18315K, committed 19328K, reserved 425984K
}
Event: 104.115 GC heap before
{Heap before GC invocations=108 (full 0):
 garbage-first heap   total 524288K, used 458012K [0x0000000080000000, 0x0000000100000000)
  region size 1024K, 46 young (47104K), 4 survivors (4096K)
 Metaspace       used 137359K, committed 139712K, reserved 557056K
  class space    used 18621K, committed 19648K, reserved 425984K
}
Event: 104.121 GC heap after
{Heap after GC invocations=109 (full 0):
 garbage-first heap   total 524288K, used 415805K [0x0000000080000000, 0x0000000100000000)
  region size 1024K, 4 young (4096K), 4 survivors (4096K)
 Metaspace       used 137359K, committed 139712K, reserved 557056K
  class space    used 18621K, committed 19648K, reserved 425984K
}
Event: 485.377 GC heap before
{Heap before GC invocations=109 (full 0):
 garbage-first heap   total 524288K, used 457789K [0x0000000080000000, 0x0000000100000000)
  region size 1024K, 46 young (47104K), 4 survivors (4096K)
 Metaspace       used 138011K, committed 140352K, reserved 557056K
  class space    used 18657K, committed 19712K, reserved 425984K
}
Event: 485.407 GC heap after
{Heap after GC invocations=110 (full 0):
 garbage-first heap   total 524288K, used 416932K [0x0000000080000000, 0x0000000100000000)
  region size 1024K, 2 young (2048K), 2 survivors (2048K)
 Metaspace       used 138011K, committed 140352K, reserved 557056K
  class space    used 18657K, committed 19712K, reserved 425984K
}

